<?xml version="1.0" encoding="UTF-8"?>
<!-- Generated by org.testng.reporters.JUnitReportReporter -->
<testsuite hostname="IN-PG02NM7Z" failures="0" tests="5" name="TestRunner.RunnerAppium" time="96.487" errors="0" timestamp="22 Mar 2022 15:22:25 GMT" skipped="0">
  <testcase classname="TestRunner.RunnerAppium" name="runScenario" time="17.952"/>
  <testcase classname="TestRunner.RunnerAppium" name="runScenario" time="20.430"/>
  <testcase classname="TestRunner.RunnerAppium" name="runScenario" time="20.016"/>
  <testcase classname="TestRunner.RunnerAppium" name="runScenario" time="18.859"/>
  <testcase classname="TestRunner.RunnerAppium" name="runScenario" time="19.230"/>
</testsuite> <!-- TestRunner.RunnerAppium -->
